00:59:53:454 [ALWAYS]	GUDE Logging Started
00:59:53:457 [INFO]	SqliteResumeCache::SqliteResumeCache basedirectory is null/empty
00:59:53:457 [ERROR]	SqliteResumeCache::CreateSqliteResumeCache creating resume cache pointer failure
00:59:53:457 [ERROR]	Initialize resume cache pointer failure
00:59:53:457 [INFO]	gude policy POLICY_USER limit (2,2,1) chunk 2097152, chunking (UL 0 DL 1), resXfer 1, adapt 0, NSURL 0, timeout 86400 
00:59:53:457 [INFO]	Initialized -- gude-lib version: v0.12.1 app: gude
00:59:59:575 [WARN]	Ignoring attempt to reinit logging to \gude at level 4 retaining 3 days of logs
00:59:59:575 [INFO]	SqliteResumeCache::SqliteResumeCache basedirectory is null/empty
00:59:59:575 [ERROR]	SqliteResumeCache::CreateSqliteResumeCache creating resume cache pointer failure
00:59:59:575 [ERROR]	Initialize resume cache pointer failure
00:59:59:575 [INFO]	gude policy POLICY_USER limit (4,4,1) chunk 2097152, chunking (UL 0 DL 1), resXfer 1, adapt 0, NSURL 1, timeout 86400 
00:59:59:575 [INFO]	Initialized -- gude-lib version: v0.12.1 app: gude
01:01:44:878 [ALWAYS]	GUDE Logging Started
01:01:44:881 [INFO]	SqliteResumeCache::SqliteResumeCache basedirectory is null/empty
01:01:44:881 [ERROR]	SqliteResumeCache::CreateSqliteResumeCache creating resume cache pointer failure
01:01:44:881 [ERROR]	Initialize resume cache pointer failure
01:01:44:881 [INFO]	gude policy POLICY_USER limit (2,2,1) chunk 2097152, chunking (UL 0 DL 1), resXfer 1, adapt 0, NSURL 0, timeout 86400 
01:01:44:881 [INFO]	Initialized -- gude-lib version: v0.12.1 app: gude
01:01:50:284 [WARN]	Ignoring attempt to reinit logging to \gude at level 4 retaining 3 days of logs
01:01:50:284 [INFO]	SqliteResumeCache::SqliteResumeCache basedirectory is null/empty
01:01:50:284 [ERROR]	SqliteResumeCache::CreateSqliteResumeCache creating resume cache pointer failure
01:01:50:284 [ERROR]	Initialize resume cache pointer failure
01:01:50:284 [INFO]	gude policy POLICY_USER limit (4,4,1) chunk 2097152, chunking (UL 0 DL 1), resXfer 1, adapt 0, NSURL 1, timeout 86400 
01:01:50:284 [INFO]	Initialized -- gude-lib version: v0.12.1 app: gude
